{"/app/public/data_logic.js": {"path":"/app/public/data_logic.js","statementMap":{"0":{"start":{"line":5,"column":74},"end":{"line":5,"column":83}},"1":{"start":{"line":6,"column":41},"end":{"line":6,"column":52}},"2":{"start":{"line":8,"column":4},"end":{"line":8,"column":76}},"3":{"start":{"line":9,"column":4},"end":{"line":97,"column":5}},"4":{"start":{"line":10,"column":27},"end":{"line":10,"column":71}},"5":{"start":{"line":11,"column":28},"end":{"line":11,"column":52}},"6":{"start":{"line":12,"column":8},"end":{"line":15,"column":9}},"7":{"start":{"line":13,"column":12},"end":{"line":13,"column":59}},"8":{"start":{"line":14,"column":12},"end":{"line":14,"column":19}},"9":{"start":{"line":17,"column":28},"end":{"line":17,"column":46}},"10":{"start":{"line":18,"column":31},"end":{"line":18,"column":40}},"11":{"start":{"line":21,"column":12},"end":{"line":21,"column":31}},"12":{"start":{"line":21,"column":24},"end":{"line":21,"column":31}},"13":{"start":{"line":22,"column":12},"end":{"line":29,"column":13}},"14":{"start":{"line":23,"column":16},"end":{"line":25,"column":17}},"15":{"start":{"line":24,"column":20},"end":{"line":24,"column":51}},"16":{"start":{"line":26,"column":16},"end":{"line":28,"column":17}},"17":{"start":{"line":27,"column":20},"end":{"line":27,"column":51}},"18":{"start":{"line":32,"column":8},"end":{"line":32,"column":48}},"19":{"start":{"line":35,"column":8},"end":{"line":35,"column":36}},"20":{"start":{"line":36,"column":8},"end":{"line":36,"column":62}},"21":{"start":{"line":38,"column":8},"end":{"line":42,"column":9}},"22":{"start":{"line":39,"column":12},"end":{"line":39,"column":86}},"23":{"start":{"line":40,"column":12},"end":{"line":40,"column":28}},"24":{"start":{"line":41,"column":12},"end":{"line":41,"column":19}},"25":{"start":{"line":44,"column":8},"end":{"line":44,"column":83}},"26":{"start":{"line":46,"column":32},"end":{"line":46,"column":84}},"27":{"start":{"line":47,"column":33},"end":{"line":47,"column":35}},"28":{"start":{"line":48,"column":8},"end":{"line":50,"column":11}},"29":{"start":{"line":49,"column":12},"end":{"line":49,"column":46}},"30":{"start":{"line":52,"column":27},"end":{"line":52,"column":28}},"31":{"start":{"line":53,"column":8},"end":{"line":84,"column":9}},"32":{"start":{"line":54,"column":34},"end":{"line":54,"column":39}},"33":{"start":{"line":55,"column":12},"end":{"line":73,"column":13}},"34":{"start":{"line":57,"column":20},"end":{"line":57,"column":45}},"35":{"start":{"line":57,"column":32},"end":{"line":57,"column":45}},"36":{"start":{"line":58,"column":20},"end":{"line":65,"column":21}},"37":{"start":{"line":59,"column":24},"end":{"line":61,"column":25}},"38":{"start":{"line":60,"column":28},"end":{"line":60,"column":40}},"39":{"start":{"line":62,"column":24},"end":{"line":64,"column":25}},"40":{"start":{"line":63,"column":28},"end":{"line":63,"column":40}},"41":{"start":{"line":66,"column":20},"end":{"line":66,"column":33}},"42":{"start":{"line":69,"column":16},"end":{"line":72,"column":17}},"43":{"start":{"line":70,"column":20},"end":{"line":70,"column":43}},"44":{"start":{"line":71,"column":20},"end":{"line":71,"column":26}},"45":{"start":{"line":75,"column":12},"end":{"line":83,"column":13}},"46":{"start":{"line":76,"column":26},"end":{"line":76,"column":111}},"47":{"start":{"line":77,"column":47},"end":{"line":77,"column":63}},"48":{"start":{"line":78,"column":16},"end":{"line":82,"column":17}},"49":{"start":{"line":79,"column":50},"end":{"line":79,"column":80}},"50":{"start":{"line":80,"column":20},"end":{"line":80,"column":99}},"51":{"start":{"line":81,"column":20},"end":{"line":81,"column":35}},"52":{"start":{"line":86,"column":8},"end":{"line":90,"column":9}},"53":{"start":{"line":87,"column":12},"end":{"line":87,"column":90}},"54":{"start":{"line":89,"column":12},"end":{"line":89,"column":102}},"55":{"start":{"line":93,"column":8},"end":{"line":93,"column":82}},"56":{"start":{"line":94,"column":8},"end":{"line":94,"column":80}},"57":{"start":{"line":96,"column":8},"end":{"line":96,"column":24}}},"fnMap":{"0":{"name":"deleteProductAndOrphanedSubProducts","decl":{"start":{"line":3,"column":22},"end":{"line":3,"column":57}},"loc":{"start":{"line":3,"column":113},"end":{"line":98,"column":1}},"line":3},"1":{"name":"findSubProducts","decl":{"start":{"line":20,"column":17},"end":{"line":20,"column":32}},"loc":{"start":{"line":20,"column":40},"end":{"line":30,"column":9}},"line":20},"2":{"name":"(anonymous_2)","decl":{"start":{"line":48,"column":37},"end":{"line":48,"column":38}},"loc":{"start":{"line":48,"column":44},"end":{"line":50,"column":9}},"line":48},"3":{"name":"isSubProductInStructure","decl":{"start":{"line":56,"column":25},"end":{"line":56,"column":48}},"loc":{"start":{"line":56,"column":56},"end":{"line":67,"column":17}},"line":56}},"branchMap":{"0":{"loc":{"start":{"line":12,"column":8},"end":{"line":15,"column":9}},"type":"if","locations":[{"start":{"line":12,"column":8},"end":{"line":15,"column":9}},{"start":{},"end":{}}],"line":12},"1":{"loc":{"start":{"line":21,"column":12},"end":{"line":21,"column":31}},"type":"if","locations":[{"start":{"line":21,"column":12},"end":{"line":21,"column":31}},{"start":{},"end":{}}],"line":21},"2":{"loc":{"start":{"line":23,"column":16},"end":{"line":25,"column":17}},"type":"if","locations":[{"start":{"line":23,"column":16},"end":{"line":25,"column":17}},{"start":{},"end":{}}],"line":23},"3":{"loc":{"start":{"line":26,"column":16},"end":{"line":28,"column":17}},"type":"if","locations":[{"start":{"line":26,"column":16},"end":{"line":28,"column":17}},{"start":{},"end":{}}],"line":26},"4":{"loc":{"start":{"line":38,"column":8},"end":{"line":42,"column":9}},"type":"if","locations":[{"start":{"line":38,"column":8},"end":{"line":42,"column":9}},{"start":{},"end":{}}],"line":38},"5":{"loc":{"start":{"line":57,"column":20},"end":{"line":57,"column":45}},"type":"if","locations":[{"start":{"line":57,"column":20},"end":{"line":57,"column":45}},{"start":{},"end":{}}],"line":57},"6":{"loc":{"start":{"line":59,"column":24},"end":{"line":61,"column":25}},"type":"if","locations":[{"start":{"line":59,"column":24},"end":{"line":61,"column":25}},{"start":{},"end":{}}],"line":59},"7":{"loc":{"start":{"line":59,"column":28},"end":{"line":59,"column":91}},"type":"binary-expr","locations":[{"start":{"line":59,"column":28},"end":{"line":59,"column":57}},{"start":{"line":59,"column":61},"end":{"line":59,"column":91}}],"line":59},"8":{"loc":{"start":{"line":62,"column":24},"end":{"line":64,"column":25}},"type":"if","locations":[{"start":{"line":62,"column":24},"end":{"line":64,"column":25}},{"start":{},"end":{}}],"line":62},"9":{"loc":{"start":{"line":62,"column":28},"end":{"line":62,"column":83}},"type":"binary-expr","locations":[{"start":{"line":62,"column":28},"end":{"line":62,"column":41}},{"start":{"line":62,"column":45},"end":{"line":62,"column":83}}],"line":62},"10":{"loc":{"start":{"line":69,"column":16},"end":{"line":72,"column":17}},"type":"if","locations":[{"start":{"line":69,"column":16},"end":{"line":72,"column":17}},{"start":{},"end":{}}],"line":69},"11":{"loc":{"start":{"line":75,"column":12},"end":{"line":83,"column":13}},"type":"if","locations":[{"start":{"line":75,"column":12},"end":{"line":83,"column":13}},{"start":{},"end":{}}],"line":75},"12":{"loc":{"start":{"line":78,"column":16},"end":{"line":82,"column":17}},"type":"if","locations":[{"start":{"line":78,"column":16},"end":{"line":82,"column":17}},{"start":{},"end":{}}],"line":78},"13":{"loc":{"start":{"line":86,"column":8},"end":{"line":90,"column":9}},"type":"if","locations":[{"start":{"line":86,"column":8},"end":{"line":90,"column":9}},{"start":{"line":88,"column":15},"end":{"line":90,"column":9}}],"line":86}},"s":{"0":9,"1":9,"2":9,"3":9,"4":9,"5":9,"6":8,"7":1,"8":1,"9":7,"10":7,"11":8,"12":0,"13":8,"14":8,"15":7,"16":8,"17":1,"18":7,"19":7,"20":7,"21":7,"22":1,"23":1,"24":1,"25":6,"26":6,"27":6,"28":6,"29":3,"30":6,"31":6,"32":7,"33":7,"34":4,"35":0,"36":4,"37":3,"38":1,"39":2,"40":0,"41":3,"42":3,"43":1,"44":1,"45":7,"46":6,"47":6,"48":6,"49":5,"50":5,"51":5,"52":6,"53":4,"54":2,"55":1,"56":1,"57":9},"f":{"0":9,"1":8,"2":3,"3":4},"b":{"0":[1,7],"1":[0,8],"2":[7,1],"3":[1,7],"4":[1,6],"5":[0,4],"6":[1,2],"7":[3,2],"8":[0,2],"9":[2,1],"10":[1,2],"11":[6,1],"12":[5,1],"13":[4,2]},"_coverageSchema":"1a1c01bbd47fc00a2c39e90264f33305004495a9","hash":"bbce2898d59ca6bcfe8ee6797f18a63f56d4f856"}
,"/app/public/utils.js": {"path":"/app/public/utils.js","statementMap":{"0":{"start":{"line":1,"column":27},"end":{"line":19,"column":1}},"1":{"start":{"line":22,"column":4},"end":{"line":31,"column":5}},"2":{"start":{"line":26,"column":12},"end":{"line":26,"column":34}},"3":{"start":{"line":28,"column":12},"end":{"line":28,"column":28}},"4":{"start":{"line":30,"column":12},"end":{"line":30,"column":24}},"5":{"start":{"line":40,"column":22},"end":{"line":40,"column":74}},"6":{"start":{"line":41,"column":4},"end":{"line":48,"column":6}}},"fnMap":{"0":{"name":"getUniqueKeyForCollection","decl":{"start":{"line":21,"column":16},"end":{"line":21,"column":41}},"loc":{"start":{"line":21,"column":58},"end":{"line":32,"column":1}},"line":21},"1":{"name":"createHelpTooltip","decl":{"start":{"line":39,"column":16},"end":{"line":39,"column":33}},"loc":{"start":{"line":39,"column":43},"end":{"line":49,"column":1}},"line":39}},"branchMap":{"0":{"loc":{"start":{"line":22,"column":4},"end":{"line":31,"column":5}},"type":"switch","locations":[{"start":{"line":23,"column":8},"end":{"line":23,"column":35}},{"start":{"line":24,"column":8},"end":{"line":24,"column":40}},{"start":{"line":25,"column":8},"end":{"line":26,"column":34}},{"start":{"line":27,"column":8},"end":{"line":28,"column":28}},{"start":{"line":29,"column":8},"end":{"line":30,"column":24}}],"line":22}},"s":{"0":1,"1":9,"2":3,"3":1,"4":5,"5":5,"6":5},"f":{"0":9,"1":5},"b":{"0":[1,2,3,1,5]},"_coverageSchema":"1a1c01bbd47fc00a2c39e90264f33305004495a9","hash":"022512d0a82dfed818914205dd38d068dfa58f4d"}
}
