TN:
SF:public/data_logic.js
FN:3,deleteProductAndOrphanedSubProducts
FN:20,findSubProducts
FN:48,(anonymous_2)
FN:56,isSubProductInStructure
FNF:4
FNH:4
FNDA:9,deleteProductAndOrphanedSubProducts
FNDA:8,findSubProducts
FNDA:3,(anonymous_2)
FNDA:4,isSubProductInStructure
DA:5,9
DA:6,9
DA:8,9
DA:9,9
DA:10,9
DA:11,9
DA:12,8
DA:13,1
DA:14,1
DA:17,7
DA:18,7
DA:21,8
DA:22,8
DA:23,8
DA:24,7
DA:26,8
DA:27,1
DA:32,7
DA:35,7
DA:36,7
DA:38,7
DA:39,1
DA:40,1
DA:41,1
DA:44,6
DA:46,6
DA:47,6
DA:48,6
DA:49,3
DA:52,6
DA:53,6
DA:54,7
DA:55,7
DA:57,4
DA:58,4
DA:59,3
DA:60,1
DA:62,2
DA:63,0
DA:66,3
DA:69,3
DA:70,1
DA:71,1
DA:75,7
DA:76,6
DA:77,6
DA:78,6
DA:79,5
DA:80,5
DA:81,5
DA:86,6
DA:87,4
DA:89,2
DA:93,1
DA:94,1
DA:96,9
LF:56
LH:55
BRDA:12,0,0,1
BRDA:12,0,1,7
BRDA:21,1,0,0
BRDA:21,1,1,8
BRDA:23,2,0,7
BRDA:23,2,1,1
BRDA:26,3,0,1
BRDA:26,3,1,7
BRDA:38,4,0,1
BRDA:38,4,1,6
BRDA:57,5,0,0
BRDA:57,5,1,4
BRDA:59,6,0,1
BRDA:59,6,1,2
BRDA:59,7,0,3
BRDA:59,7,1,2
BRDA:62,8,0,0
BRDA:62,8,1,2
BRDA:62,9,0,2
BRDA:62,9,1,1
BRDA:69,10,0,1
BRDA:69,10,1,2
BRDA:75,11,0,6
BRDA:75,11,1,1
BRDA:78,12,0,5
BRDA:78,12,1,1
BRDA:86,13,0,4
BRDA:86,13,1,2
BRF:28
BRH:25
end_of_record
TN:
SF:public/utils.js
FN:21,getUniqueKeyForCollection
FN:39,createHelpTooltip
FNF:2
FNH:2
FNDA:9,getUniqueKeyForCollection
FNDA:5,createHelpTooltip
DA:1,1
DA:22,9
DA:26,3
DA:28,1
DA:30,5
DA:40,5
DA:41,5
LF:7
LH:7
BRDA:22,0,0,1
BRDA:22,0,1,2
BRDA:22,0,2,3
BRDA:22,0,3,1
BRDA:22,0,4,5
BRF:5
BRH:5
end_of_record
